  [1m[36m (1.6ms)[0m  [1mCREATE TABLE "schema_migrations" ("version" varchar NOT NULL) [0m
  [1m[35m (0.4ms)[0m  select sqlite_version(*)
  [1m[36m (1.6ms)[0m  [1mCREATE UNIQUE INDEX "unique_schema_migrations" ON "schema_migrations" ("version")[0m
  [1m[35mActiveRecord::SchemaMigration Load (0.1ms)[0m  SELECT "schema_migrations".* FROM "schema_migrations"
Migrating to CreateTeachers (20150205200430)
  [1m[36m (0.1ms)[0m  [1mbegin transaction[0m
  [1m[35m (0.4ms)[0m  CREATE TABLE "teachers" ("id" INTEGER PRIMARY KEY AUTOINCREMENT NOT NULL, "name" varchar, "email" varchar, "password_digest" varchar, "created_at" datetime NOT NULL, "updated_at" datetime NOT NULL) 
  [1m[36mSQL (0.2ms)[0m  [1mINSERT INTO "schema_migrations" ("version") VALUES (?)[0m  [["version", "20150205200430"]]
  [1m[35m (1.8ms)[0m  commit transaction
Migrating to CreateGrades (20150205200537)
  [1m[36m (0.1ms)[0m  [1mbegin transaction[0m
  [1m[35m (0.3ms)[0m  CREATE TABLE "grades" ("id" INTEGER PRIMARY KEY AUTOINCREMENT NOT NULL, "student_email" varchar, "assignment_name" varchar, "due_on" date, "score" integer, "created_at" datetime NOT NULL, "updated_at" datetime NOT NULL) 
  [1m[36mSQL (0.1ms)[0m  [1mINSERT INTO "schema_migrations" ("version") VALUES (?)[0m  [["version", "20150205200537"]]
  [1m[35m (1.4ms)[0m  commit transaction
Migrating to CreateStudents (20150205200621)
  [1m[36m (0.1ms)[0m  [1mbegin transaction[0m
  [1m[35m (0.2ms)[0m  CREATE TABLE "students" ("id" INTEGER PRIMARY KEY AUTOINCREMENT NOT NULL, "name" varchar, "student_email" varchar, "teacher_id" integer, "created_at" datetime NOT NULL, "updated_at" datetime NOT NULL) 
  [1m[36mSQL (0.1ms)[0m  [1mINSERT INTO "schema_migrations" ("version") VALUES (?)[0m  [["version", "20150205200621"]]
  [1m[35m (1.3ms)[0m  commit transaction
Migrating to CreateParents (20150205200651)
  [1m[36m (0.0ms)[0m  [1mbegin transaction[0m
  [1m[35m (0.2ms)[0m  CREATE TABLE "parents" ("id" INTEGER PRIMARY KEY AUTOINCREMENT NOT NULL, "name" varchar, "email" varchar, "child_name" varchar, "teacher_id" integer, "created_at" datetime NOT NULL, "updated_at" datetime NOT NULL) 
  [1m[36mSQL (0.1ms)[0m  [1mINSERT INTO "schema_migrations" ("version") VALUES (?)[0m  [["version", "20150205200651"]]
  [1m[35m (1.5ms)[0m  commit transaction
Migrating to Createpasswords (20150205223042)
  [1m[36m (0.0ms)[0m  [1mbegin transaction[0m
  [1m[35m (16.2ms)[0m  ALTER TABLE "students" ADD "password_digest" varchar
  [1m[36m (0.2ms)[0m  [1mALTER TABLE "parents" ADD "password_digest" varchar[0m
  [1m[35mSQL (0.1ms)[0m  INSERT INTO "schema_migrations" ("version") VALUES (?)  [["version", "20150205223042"]]
  [1m[36m (1.5ms)[0m  [1mcommit transaction[0m
  [1m[35mActiveRecord::SchemaMigration Load (0.1ms)[0m  SELECT "schema_migrations".* FROM "schema_migrations"


Started GET "/" for ::1 at 2015-02-09 15:10:38 -0500
  [1m[36mActiveRecord::SchemaMigration Load (0.1ms)[0m  [1mSELECT "schema_migrations".* FROM "schema_migrations"[0m
Processing by LoginController#login as HTML
  Rendered login/login.html.erb within layouts/application (11.4ms)
Completed 200 OK in 3159ms (Views: 3117.3ms | ActiveRecord: 0.0ms)


Started GET "/assets/application-91a8e3e251130cc20e0ee0d1d428d8a7.css?body=1" for ::1 at 2015-02-09 15:10:41 -0500


Started GET "/assets/login-fcec5b5a277ac7c20cc9f45a209a3bcd.js?body=1" for ::1 at 2015-02-09 15:10:41 -0500


Started GET "/assets/turbolinks-da8ddad9c2c5483d4c5c30c1ce325253.js?body=1" for ::1 at 2015-02-09 15:10:41 -0500


Started GET "/assets/parents-fcec5b5a277ac7c20cc9f45a209a3bcd.js?body=1" for ::1 at 2015-02-09 15:10:41 -0500


Started GET "/assets/teachers-fcec5b5a277ac7c20cc9f45a209a3bcd.js?body=1" for ::1 at 2015-02-09 15:10:41 -0500


Started GET "/assets/jquery-87424c3c19e96d4fb033c10ebe21ec40.js?body=1" for ::1 at 2015-02-09 15:10:41 -0500


Started GET "/assets/jquery_ujs-e27bd20a10d28155845a22d71ef94f2f.js?body=1" for ::1 at 2015-02-09 15:10:41 -0500


Started GET "/assets/students-fcec5b5a277ac7c20cc9f45a209a3bcd.js?body=1" for ::1 at 2015-02-09 15:10:41 -0500


Started GET "/assets/application-e0915e1eb4c59ce700a2ef8fe932c748.js?body=1" for ::1 at 2015-02-09 15:10:41 -0500


Started GET "/assets/grades-fcec5b5a277ac7c20cc9f45a209a3bcd.js?body=1" for ::1 at 2015-02-09 15:10:41 -0500
